SF:lib/main.dart
DA:7,0
DA:8,0
DA:13,2
DA:17,1
DA:19,1
DA:21,1
DA:23,1
LF:7
LH:5
end_of_record
SF:lib/views/home_screen/mian_home_screen.dart
DA:5,1
DA:7,1
DA:8,1
DA:14,0
DA:15,0
DA:18,1
DA:20,1
DA:21,1
DA:22,1
DA:24,1
DA:25,1
DA:26,1
DA:28,1
DA:31,1
DA:42,1
DA:44,0
DA:45,0
DA:56,1
LF:18
LH:14
end_of_record
SF:lib/views/home_screen/components/hamburger_menu/hamburgermenu.dart
DA:4,1
DA:6,0
DA:7,0
DA:13,0
DA:14,0
DA:15,0
DA:18,0
DA:21,0
DA:22,0
DA:24,0
DA:25,0
DA:26,0
DA:29,0
DA:30,0
DA:31,0
DA:34,0
DA:35,0
DA:36,0
DA:42,0
DA:48,0
DA:50,0
DA:62,0
DA:64,0
DA:65,0
DA:69,0
DA:70,0
DA:71,0
DA:104,0
DA:105,0
DA:107,0
DA:108,0
DA:111,0
DA:113,0
DA:116,0
DA:118,0
DA:121,0
DA:123,0
DA:126,0
DA:128,0
DA:131,0
DA:133,0
DA:136,0
DA:146,0
DA:149,0
DA:151,0
DA:154,0
DA:156,0
DA:159,0
LF:48
LH:1
end_of_record
